[INFO] Scanning for projects...
[WARNING] 
[WARNING] Some problems were encountered while building the effective model for org.springframework.integration.samples:strict-ordering:jar:0.0.1-SNAPSHOT
[WARNING] 'build.plugins.plugin.version' for org.apache.maven.plugins:maven-compiler-plugin is missing. @ line 112, column 12
[WARNING] 'build.plugins.plugin.version' for org.apache.maven.plugins:maven-surefire-plugin is missing. @ line 204, column 14
[WARNING] 
[WARNING] It is highly recommended to fix these problems because they threaten the stability of your build.
[WARNING] 
[WARNING] For this reason, future Maven versions might no longer support building such malformed projects.
[WARNING] 
[INFO]                                                                         
[INFO] ------------------------------------------------------------------------
[INFO] Building strict-ordering 0.0.1-SNAPSHOT
[INFO] ------------------------------------------------------------------------
[INFO] 
[INFO] --- maven-help-plugin:2.1.1:effective-pom (default-cli) @ strict-ordering ---
[INFO] 
Effective POMs, after inheritance, interpolation, and profiles are applied:

<!-- ====================================================================== -->
<!--                                                                        -->
<!-- Generated by Maven Help Plugin on 2010-10-26T11:39:22                  -->
<!-- See: http://maven.apache.org/plugins/maven-help-plugin/                -->
<!--                                                                        -->
<!-- ====================================================================== -->

<!-- ====================================================================== -->
<!--                                                                        -->
<!-- Effective POM for project                                              -->
<!-- 'org.springframework.integration.samples:strict-ordering:jar:0.0.1-SNAPSHOT' -->
<!--                                                                        -->
<!-- ====================================================================== -->

<project xmlns="http://maven.apache.org/POM/4.0.0" xmlns:xsi="http://www.w3.org/2001/XMLSchema-instance" xsi:schemaLocation="http://maven.apache.org/POM/4.0.0 http://maven.apache.org/xsd/maven-4.0.0.xsd">
  <modelVersion>4.0.0</modelVersion>
  <groupId>org.springframework.integration.samples</groupId>
  <artifactId>strict-ordering</artifactId>
  <version>0.0.1-SNAPSHOT</version>
  <properties>
    <environment>dev</environment>
    <junit.version>4.7</junit.version>
    <spring.gemfire.version>1.0.0.M2-SNAPSHOT</spring.gemfire.version>
    <spring.integration.version>2.0.0.BUILD-SNAPSHOT</spring.integration.version>
    <spring.version>3.0.3.RELEASE</spring.version>
  </properties>
  <dependencies>
    <dependency>
      <groupId>org.springframework</groupId>
      <artifactId>spring-beans</artifactId>
      <version>3.0.3.RELEASE</version>
      <scope>compile</scope>
    </dependency>
    <dependency>
      <groupId>org.springframework</groupId>
      <artifactId>spring-core</artifactId>
      <version>3.0.3.RELEASE</version>
      <scope>compile</scope>
    </dependency>
    <dependency>
      <groupId>org.springframework</groupId>
      <artifactId>spring-jms</artifactId>
      <version>3.0.3.RELEASE</version>
      <scope>compile</scope>
    </dependency>
    <dependency>
      <groupId>org.springframework</groupId>
      <artifactId>spring-context</artifactId>
      <version>3.0.3.RELEASE</version>
      <scope>compile</scope>
    </dependency>
    <dependency>
      <groupId>org.springframework.data.gemfire</groupId>
      <artifactId>spring-gemfire</artifactId>
      <version>1.0.0.M2-SNAPSHOT</version>
      <scope>compile</scope>
    </dependency>
    <dependency>
      <groupId>org.springframework.integration</groupId>
      <artifactId>spring-integration-core</artifactId>
      <version>2.0.0.BUILD-SNAPSHOT</version>
      <scope>compile</scope>
    </dependency>
    <dependency>
      <groupId>org.springframework.integration</groupId>
      <artifactId>spring-integration-jms</artifactId>
      <version>2.0.0.BUILD-SNAPSHOT</version>
      <scope>compile</scope>
    </dependency>
    <dependency>
      <groupId>org.springframework.integration</groupId>
      <artifactId>spring-integration-gemfire</artifactId>
      <version>2.0.0.BUILD-SNAPSHOT</version>
      <scope>compile</scope>
    </dependency>
    <dependency>
      <groupId>com.gemstone.gemfire</groupId>
      <artifactId>gemfire</artifactId>
      <version>6.5</version>
      <scope>compile</scope>
    </dependency>
    <dependency>
      <groupId>log4j</groupId>
      <artifactId>log4j</artifactId>
      <version>1.2.15</version>
      <scope>compile</scope>
    </dependency>
    <dependency>
      <groupId>junit</groupId>
      <artifactId>junit</artifactId>
      <version>4.7</version>
      <scope>compile</scope>
    </dependency>
    <dependency>
      <groupId>org.apache.activemq</groupId>
      <artifactId>activemq-core</artifactId>
      <version>5.4.1</version>
      <scope>compile</scope>
    </dependency>
    <dependency>
      <groupId>org.apache.xbean</groupId>
      <artifactId>xbean-spring</artifactId>
      <version>3.7</version>
      <scope>compile</scope>
    </dependency>
    <dependency>
      <groupId>org.easymock</groupId>
      <artifactId>easymock</artifactId>
      <version>3.0</version>
      <scope>test</scope>
    </dependency>
    <dependency>
      <groupId>antlr</groupId>
      <artifactId>antlr</artifactId>
      <version>2.7.7</version>
      <scope>compile</scope>
    </dependency>
  </dependencies>
  <repositories>
    <repository>
      <snapshots>
        <enabled>false</enabled>
      </snapshots>
      <id>central</id>
      <name>Maven Repository Switchboard</name>
      <url>http://repo1.maven.org/maven2</url>
    </repository>
  </repositories>
  <pluginRepositories>
    <pluginRepository>
      <releases>
        <updatePolicy>never</updatePolicy>
      </releases>
      <snapshots>
        <enabled>false</enabled>
      </snapshots>
      <id>central</id>
      <name>Maven Plugin Repository</name>
      <url>http://repo1.maven.org/maven2</url>
    </pluginRepository>
  </pluginRepositories>
  <build>
    <sourceDirectory>/home/dturanski/s2build/spring-integration-sandbox/strict-ordering/src/main/java</sourceDirectory>
    <scriptSourceDirectory>/home/dturanski/s2build/spring-integration-sandbox/strict-ordering/src/main/scripts</scriptSourceDirectory>
    <testSourceDirectory>/home/dturanski/s2build/spring-integration-sandbox/strict-ordering/src/test/java</testSourceDirectory>
    <outputDirectory>/home/dturanski/s2build/spring-integration-sandbox/strict-ordering/target/classes</outputDirectory>
    <testOutputDirectory>/home/dturanski/s2build/spring-integration-sandbox/strict-ordering/target/test-classes</testOutputDirectory>
    <resources>
      <resource>
        <directory>/home/dturanski/s2build/spring-integration-sandbox/strict-ordering/src/main/resources</directory>
      </resource>
    </resources>
    <testResources>
      <testResource>
        <directory>/home/dturanski/s2build/spring-integration-sandbox/strict-ordering/src/test/resources</directory>
      </testResource>
      <testResource>
        <directory>/home/dturanski/s2build/spring-integration-sandbox/strict-ordering/src/test/java</directory>
      </testResource>
    </testResources>
    <directory>/home/dturanski/s2build/spring-integration-sandbox/strict-ordering/target</directory>
    <finalName>strict-ordering-0.0.1-SNAPSHOT</finalName>
    <pluginManagement>
      <plugins>
        <plugin>
          <artifactId>maven-antrun-plugin</artifactId>
          <version>1.3</version>
        </plugin>
        <plugin>
          <artifactId>maven-assembly-plugin</artifactId>
          <version>2.2-beta-5</version>
        </plugin>
        <plugin>
          <artifactId>maven-dependency-plugin</artifactId>
          <version>2.1</version>
        </plugin>
        <plugin>
          <artifactId>maven-release-plugin</artifactId>
          <version>2.0</version>
        </plugin>
      </plugins>
    </pluginManagement>
    <plugins>
      <plugin>
        <artifactId>maven-compiler-plugin</artifactId>
        <version>2.3.2</version>
        <executions>
          <execution>
            <id>default-testCompile</id>
            <phase>test-compile</phase>
            <goals>
              <goal>testCompile</goal>
            </goals>
            <configuration>
              <source>1.6</source>
              <target>1.6</target>
            </configuration>
          </execution>
          <execution>
            <id>default-compile</id>
            <phase>compile</phase>
            <goals>
              <goal>compile</goal>
            </goals>
            <configuration>
              <source>1.6</source>
              <target>1.6</target>
            </configuration>
          </execution>
        </executions>
        <configuration>
          <source>1.6</source>
          <target>1.6</target>
        </configuration>
      </plugin>
      <plugin>
        <artifactId>maven-surefire-plugin</artifactId>
        <version>2.5</version>
        <executions>
          <execution>
            <id>default-test</id>
            <phase>test</phase>
            <goals>
              <goal>test</goal>
            </goals>
            <configuration>
              <includes>
                <include>/home/dturanski/s2build/spring-integration-sandbox/strict-ordering/src/test/other/ServerTest.java</include>
              </includes>
            </configuration>
          </execution>
        </executions>
        <configuration>
          <includes>
            <include>/home/dturanski/s2build/spring-integration-sandbox/strict-ordering/src/test/other/ServerTest.java</include>
          </includes>
        </configuration>
      </plugin>
      <plugin>
        <artifactId>maven-install-plugin</artifactId>
        <version>2.3.1</version>
        <executions>
          <execution>
            <id>default-install</id>
            <phase>install</phase>
            <goals>
              <goal>install</goal>
            </goals>
          </execution>
        </executions>
      </plugin>
      <plugin>
        <artifactId>maven-resources-plugin</artifactId>
        <version>2.4.3</version>
        <executions>
          <execution>
            <id>default-resources</id>
            <phase>process-resources</phase>
            <goals>
              <goal>resources</goal>
            </goals>
          </execution>
          <execution>
            <id>default-testResources</id>
            <phase>process-test-resources</phase>
            <goals>
              <goal>testResources</goal>
            </goals>
          </execution>
        </executions>
      </plugin>
      <plugin>
        <artifactId>maven-jar-plugin</artifactId>
        <version>2.3.1</version>
        <executions>
          <execution>
            <id>default-jar</id>
            <phase>package</phase>
            <goals>
              <goal>jar</goal>
            </goals>
          </execution>
        </executions>
      </plugin>
      <plugin>
        <artifactId>maven-deploy-plugin</artifactId>
        <version>2.5</version>
        <executions>
          <execution>
            <id>default-deploy</id>
            <phase>deploy</phase>
            <goals>
              <goal>deploy</goal>
            </goals>
          </execution>
        </executions>
      </plugin>
      <plugin>
        <artifactId>maven-clean-plugin</artifactId>
        <version>2.4.1</version>
        <executions>
          <execution>
            <id>default-clean</id>
            <phase>clean</phase>
            <goals>
              <goal>clean</goal>
            </goals>
          </execution>
        </executions>
      </plugin>
      <plugin>
        <artifactId>maven-site-plugin</artifactId>
        <version>2.0.1</version>
        <executions>
          <execution>
            <id>default-site</id>
            <phase>site</phase>
            <goals>
              <goal>site</goal>
            </goals>
            <configuration>
              <outputDirectory>/home/dturanski/s2build/spring-integration-sandbox/strict-ordering/target/site</outputDirectory>
              <reportPlugins>
                <reportPlugin>
                  <groupId>org.apache.maven.plugins</groupId>
                  <artifactId>maven-project-info-reports-plugin</artifactId>
                </reportPlugin>
              </reportPlugins>
            </configuration>
          </execution>
          <execution>
            <id>default-deploy</id>
            <phase>site-deploy</phase>
            <goals>
              <goal>deploy</goal>
            </goals>
            <configuration>
              <outputDirectory>/home/dturanski/s2build/spring-integration-sandbox/strict-ordering/target/site</outputDirectory>
              <reportPlugins>
                <reportPlugin>
                  <groupId>org.apache.maven.plugins</groupId>
                  <artifactId>maven-project-info-reports-plugin</artifactId>
                </reportPlugin>
              </reportPlugins>
            </configuration>
          </execution>
        </executions>
        <configuration>
          <outputDirectory>/home/dturanski/s2build/spring-integration-sandbox/strict-ordering/target/site</outputDirectory>
          <reportPlugins>
            <reportPlugin>
              <groupId>org.apache.maven.plugins</groupId>
              <artifactId>maven-project-info-reports-plugin</artifactId>
            </reportPlugin>
          </reportPlugins>
        </configuration>
      </plugin>
    </plugins>
  </build>
  <reporting>
    <outputDirectory>/home/dturanski/s2build/spring-integration-sandbox/strict-ordering/target/site</outputDirectory>
  </reporting>
  <profiles>
    <profile>
      <id>client</id>
      <build>
        <plugins>
          <plugin>
            <groupId>org.codehaus.mojo</groupId>
            <artifactId>exec-maven-plugin</artifactId>
            <version>1.1</version>
            <executions>
              <execution>
                <phase>test</phase>
                <goals>
                  <goal>java</goal>
                </goals>
              </execution>
            </executions>
            <configuration>
              <mainClass>org.springframework.integration.samples.strictordering.Client</mainClass>
              <arguments>
                <argument>queue.ordered</argument>
                <argument>3</argument>
              </arguments>
            </configuration>
          </plugin>
        </plugins>
      </build>
    </profile>
    <profile>
      <id>dispatcher</id>
      <build>
        <plugins>
          <plugin>
            <groupId>org.codehaus.mojo</groupId>
            <artifactId>exec-maven-plugin</artifactId>
            <version>1.1</version>
            <executions>
              <execution>
                <phase>test</phase>
                <goals>
                  <goal>java</goal>
                </goals>
              </execution>
            </executions>
            <configuration>
              <mainClass>org.springframework.integration.samples.strictordering.DispatcherMain</mainClass>
            </configuration>
          </plugin>
        </plugins>
      </build>
    </profile>
    <profile>
      <id>server</id>
      <build>
        <plugins>
          <plugin>
            <groupId>org.codehaus.mojo</groupId>
            <artifactId>exec-maven-plugin</artifactId>
            <version>1.1</version>
            <executions>
              <execution>
                <phase>test</phase>
                <goals>
                  <goal>java</goal>
                </goals>
              </execution>
            </executions>
            <configuration>
              <mainClass>org.springframework.integration.samples.strictordering.ServerMain</mainClass>
              <arguments>
                <argument>${serverName}</argument>
              </arguments>
            </configuration>
          </plugin>
        </plugins>
      </build>
    </profile>
    <profile>
      <id>verify</id>
      <build>
        <plugins>
          <plugin>
            <artifactId>maven-surefire-plugin</artifactId>
            <configuration>
              <includes>
                <include>/home/dturanski/s2build/spring-integration-sandbox/strict-ordering/src/test/other/ServerTest.java</include>
              </includes>
            </configuration>
          </plugin>
        </plugins>
      </build>
    </profile>
  </profiles>
</project>

[INFO] ------------------------------------------------------------------------
[INFO] BUILD SUCCESS
[INFO] ------------------------------------------------------------------------
[INFO] Total time: 1.330s
[INFO] Finished at: Tue Oct 26 11:39:22 EDT 2010
[INFO] Final Memory: 7M/154M
[INFO] ------------------------------------------------------------------------
